
-----------------
Entry Date/Time: 2013-08-07 09:01:05
        Comment: The PKGWEIGHTUNITS argument passed to the getRates function is not of type numeric.
		
	Stack Trace: 
    coldfusion.runtime.UDFMethod$InvalidArgumentTypeException: The PKGWEIGHTUNITS argument passed to the getRates function is not of type numeric.
	at coldfusion.runtime.UDFMethod._validateArg(UDFMethod.java:1081)
	at coldfusion.runtime.UDFMethod._validateArg(UDFMethod.java:1094)
	at cffedEx2ecfc449234763$funcGETRATES.runFunction(/data/web/projects/hungry.raccoon/shipville/cf/model/services/fedEx.cfc:47)
	at coldfusion.runtime.UDFMethod.invoke(UDFMethod.java:472)
	at coldfusion.runtime.UDFMethod$ReturnTypeFilter.invoke(UDFMethod.java:405)
	at coldfusion.runtime.UDFMethod$ArgumentCollectionFilter.invoke(UDFMethod.java:368)
	at coldfusion.filter.FunctionAccessFilter.invoke(FunctionAccessFilter.java:55)
	at coldfusion.runtime.UDFMethod.runFilterChain(UDFMethod.java:321)
	at coldfusion.runtime.UDFMethod.invoke(UDFMethod.java:517)
	at coldfusion.runtime.TemplateProxy.invoke(TemplateProxy.java:496)
	at coldfusion.runtime.TemplateProxy.invoke(TemplateProxy.java:355)
	at coldfusion.runtime.CfJspPage._invoke(CfJspPage.java:2301)
	at cfshipment2ecfc1129169407$funcESTIMATE.runFunction(/data/web/projects/hungry.raccoon/shipville/cf/model/services/shipment.cfc:34)
	at coldfusion.runtime.UDFMethod.invoke(UDFMethod.java:472)
	at coldfusion.runtime.UDFMethod$ReturnTypeFilter.invoke(UDFMethod.java:405)
	at coldfusion.runtime.UDFMethod$ArgumentCollectionFilter.invoke(UDFMethod.java:368)
	at coldfusion.filter.FunctionAccessFilter.invoke(FunctionAccessFilter.java:55)
	at coldfusion.runtime.UDFMethod.runFilterChain(UDFMethod.java:321)
	at coldfusion.runtime.UDFMethod.invoke(UDFMethod.java:220)
	at coldfusion.runtime.TemplateProxy.invoke(TemplateProxy.java:491)
	at coldfusion.runtime.TemplateProxy.invoke(TemplateProxy.java:337)
	at coldfusion.runtime.CfJspPage._invoke(CfJspPage.java:2360)
	at cfmanage2ecfc2065624219$funcGETESTIMATE.runFunction(/data/web/projects/hungry.raccoon/shipville/cf/controllers/manage.cfc:115)
	at coldfusion.runtime.UDFMethod.invoke(UDFMethod.java:472)
	at coldfusion.runtime.UDFMethod$ReturnTypeFilter.invoke(UDFMethod.java:405)
	at coldfusion.runtime.UDFMethod$ArgumentCollectionFilter.invoke(UDFMethod.java:368)
	at coldfusion.filter.FunctionAccessFilter.invoke(FunctionAccessFilter.java:55)
	at coldfusion.runtime.UDFMethod.runFilterChain(UDFMethod.java:321)
	at coldfusion.runtime.UDFMethod.invoke(UDFMethod.java:517)
	at coldfusion.runtime.TemplateProxy.invoke(TemplateProxy.java:496)
	at coldfusion.runtime.TemplateProxy.invoke(TemplateProxy.java:355)
	at coldfusion.runtime.CfJspPage._invoke(CfJspPage.java:2301)
	at Statement54.evaluate(<generated>:1)
	at coldfusion.compiler.ExprClassLoader.evaluate(ExprClassLoader.java:143)
	at coldfusion.runtime.CFPage.Evaluate(CFPage.java:1759)
	at cfframework2ecfc1949360548$funcDOCONTROLLER.runFunction(/data/web/projects/hungry.raccoon/shipville/cf/framework.cfc:1110)
	at coldfusion.runtime.UDFMethod.invoke(UDFMethod.java:472)
	at coldfusion.runtime.UDFMethod$ReturnTypeFilter.invoke(UDFMethod.java:405)
	at coldfusion.runtime.UDFMethod$ArgumentCollectionFilter.invoke(UDFMethod.java:368)
	at coldfusion.filter.FunctionAccessFilter.invoke(FunctionAccessFilter.java:55)
	at coldfusion.runtime.UDFMethod.runFilterChain(UDFMethod.java:321)
	at coldfusion.runtime.UDFMethod.invoke(UDFMethod.java:220)
	at coldfusion.runtime.CfJspPage._invokeUDF(CfJspPage.java:2582)
	at cfframework2ecfc1949360548$funcONREQUEST.runFunction(/data/web/projects/hungry.raccoon/shipville/cf/framework.cfc:623)
	at coldfusion.runtime.UDFMethod.invoke(UDFMethod.java:472)
	at coldfusion.runtime.UDFMethod$ReturnTypeFilter.invoke(UDFMethod.java:405)
	at coldfusion.runtime.UDFMethod$ArgumentCollectionFilter.invoke(UDFMethod.java:368)
	at coldfusion.filter.FunctionAccessFilter.invoke(FunctionAccessFilter.java:55)
	at coldfusion.runtime.UDFMethod.runFilterChain(UDFMethod.java:321)
	at coldfusion.runtime.UDFMethod.invoke(UDFMethod.java:220)
	at coldfusion.runtime.TemplateProxy.invoke(TemplateProxy.java:491)
	at coldfusion.runtime.TemplateProxy.invoke(TemplateProxy.java:337)
	at coldfusion.runtime.AppEventInvoker.invoke(AppEventInvoker.java:88)
	at coldfusion.runtime.AppEventInvoker.onRequest(AppEventInvoker.java:280)
	at coldfusion.filter.ApplicationFilter.invoke(ApplicationFilter.java:356)
	at coldfusion.filter.RequestMonitorFilter.invoke(RequestMonitorFilter.java:48)
	at coldfusion.filter.MonitoringFilter.invoke(MonitoringFilter.java:40)
	at coldfusion.filter.PathFilter.invoke(PathFilter.java:94)
	at coldfusion.filter.ExceptionFilter.invoke(ExceptionFilter.java:70)
	at coldfusion.filter.ClientScopePersistenceFilter.invoke(ClientScopePersistenceFilter.java:28)
	at coldfusion.filter.BrowserFilter.invoke(BrowserFilter.java:38)
	at coldfusion.filter.NoCacheFilter.invoke(NoCacheFilter.java:46)
	at coldfusion.filter.GlobalsFilter.invoke(GlobalsFilter.java:38)
	at coldfusion.filter.DatasourceFilter.invoke(DatasourceFilter.java:22)
	at coldfusion.filter.CachingFilter.invoke(CachingFilter.java:62)
	at coldfusion.filter.RequestThrottleFilter.invoke(RequestThrottleFilter.java:126)
	at coldfusion.CfmServlet.service(CfmServlet.java:200)
	at coldfusion.bootstrap.BootstrapServlet.service(BootstrapServlet.java:89)
	at jrun.servlet.FilterChain.doFilter(FilterChain.java:86)
	at coldfusion.monitor.event.MonitoringServletFilter.doFilter(MonitoringServletFilter.java:42)
	at coldfusion.bootstrap.BootstrapFilter.doFilter(BootstrapFilter.java:46)
	at jrun.servlet.FilterChain.doFilter(FilterChain.java:94)
	at jrun.servlet.FilterChain.service(FilterChain.java:101)
	at jrun.servlet.ServletInvoker.invoke(ServletInvoker.java:106)
	at jrun.servlet.JRunInvokerChain.invokeNext(JRunInvokerChain.java:42)
	at jrun.servlet.JRunRequestDispatcher.invoke(JRunRequestDispatcher.java:286)
	at jrun.servlet.ServletEngineService.dispatch(ServletEngineService.java:543)
	at jrun.servlet.jrpp.JRunProxyService.invokeRunnable(JRunProxyService.java:203)
	at jrunx.scheduler.ThreadPool$ThreadThrottle.invokeRunnable(ThreadPool.java:428)
	at jrunx.scheduler.WorkerThread.run(WorkerThread.java:66)

			