
-----------------
Entry Date/Time: 2013-09-16 09:53:47
        Comment: Response error response from call: <SOAP-ENV:Envelope xmlns:SOAP-ENV="http://schemas.xmlsoap.org/soap/envelope/"><SOAP-ENV:Header/><SOAP-ENV:Body><RateReply xmlns="http://fedex.com/ws/rate/v13"><HighestSeverity>WARNING</HighestSeverity><Notifications><Severity>WARNING</Severity><Source>crs</Source><Code>557</Code><Message>There are no valid FedEx Express services available. </Message><LocalizedMessage>There are no valid FedEx Express services available. </LocalizedMessage></Notifications><Notifications><Severity>NOTE</Severity><Source>crs</Source><Code>797</Code><Message>Package 1 - Dimensions exceed  length limit of 118 IN allowed for the  origin .  </Message><LocalizedMessage>Package 1 - Dimensions exceed  length limit of 118 IN allowed for the  origin .  </LocalizedMessage><MessageParameters><Id>PACKAGE_INDEX</Id><Value>1</Value></MessageParameters><MessageParameters><Id>DIMENSIONS_VALUE</Id><Value>118</Value></MessageParameters><MessageParameters><Id>DIMENSIONS_UNITS</Id><Value>IN</Value></MessageParameters><MessageParameters><Id>DIMENSIONS_FIELD</Id><Value> length</Value></MessageParameters><MessageParameters><Id>ORIGIN_OR_DESTINATION</Id><Value> origin </Value></MessageParameters></Notifications><TransactionDetail><CustomerTransactionId>Rate a Single Package v13</CustomerTransactionId></TransactionDetail><Version><ServiceId>crs</ServiceId><Major>13</Major><Intermediate>0</Intermediate><Minor>0</Minor></Version></RateReply></SOAP-ENV:Body></SOAP-ENV:Envelope>
		
	Stack Trace: 
    coldfusion.runtime.CustomException: Response error
	at coldfusion.tagext.lang.ThrowTag.doStartTag(ThrowTag.java:142)
	at coldfusion.runtime.CfJspPage._emptyTcfTag(CfJspPage.java:2799)
	at cffedEx2ecfc1936056101$funcGETRATES.runFunction(D:\home\shipville.com\wwwroot\cf\model\services\fedEx.cfc:348)
	at coldfusion.runtime.UDFMethod.invoke(UDFMethod.java:472)
	at coldfusion.runtime.UDFMethod$ReturnTypeFilter.invoke(UDFMethod.java:405)
	at coldfusion.runtime.UDFMethod$ArgumentCollectionFilter.invoke(UDFMethod.java:368)
	at coldfusion.filter.FunctionAccessFilter.invoke(FunctionAccessFilter.java:55)
	at coldfusion.runtime.UDFMethod.runFilterChain(UDFMethod.java:321)
	at coldfusion.runtime.UDFMethod.invoke(UDFMethod.java:518)
	at coldfusion.runtime.TemplateProxy.invoke(TemplateProxy.java:660)
	at coldfusion.runtime.TemplateProxy.invoke(TemplateProxy.java:469)
	at coldfusion.runtime.CfJspPage._invoke(CfJspPage.java:2373)
	at cfshipment2ecfc2002295834$funcESTIMATE.runFunction(D:\home\shipville.com\wwwroot\cf\model\services\shipment.cfc:54)
	at coldfusion.runtime.UDFMethod.invoke(UDFMethod.java:472)
	at coldfusion.runtime.UDFMethod$ReturnTypeFilter.invoke(UDFMethod.java:405)
	at coldfusion.runtime.UDFMethod$ArgumentCollectionFilter.invoke(UDFMethod.java:368)
	at coldfusion.filter.FunctionAccessFilter.invoke(FunctionAccessFilter.java:55)
	at coldfusion.runtime.UDFMethod.runFilterChain(UDFMethod.java:321)
	at coldfusion.runtime.UDFMethod.invoke(UDFMethod.java:220)
	at coldfusion.runtime.TemplateProxy.invoke(TemplateProxy.java:655)
	at coldfusion.runtime.TemplateProxy.invoke(TemplateProxy.java:444)
	at coldfusion.runtime.TemplateProxy.invoke(TemplateProxy.java:414)
	at coldfusion.runtime.CfJspPage._invoke(CfJspPage.java:2432)
	at cfmain2ecfc134375501$funcESTIMATOR.runFunction(D:\home\shipville.com\wwwroot\cf\controllers\main.cfc:27)
	at coldfusion.runtime.UDFMethod.invoke(UDFMethod.java:472)
	at coldfusion.runtime.UDFMethod$ReturnTypeFilter.invoke(UDFMethod.java:405)
	at coldfusion.runtime.UDFMethod$ArgumentCollectionFilter.invoke(UDFMethod.java:368)
	at coldfusion.filter.FunctionAccessFilter.invoke(FunctionAccessFilter.java:55)
	at coldfusion.runtime.UDFMethod.runFilterChain(UDFMethod.java:321)
	at coldfusion.runtime.UDFMethod.invoke(UDFMethod.java:518)
	at coldfusion.runtime.TemplateProxy.invoke(TemplateProxy.java:660)
	at coldfusion.runtime.TemplateProxy.invoke(TemplateProxy.java:469)
	at coldfusion.runtime.CfJspPage._invoke(CfJspPage.java:2373)
	at Statement52704.evaluate(<generated>:1)
	at coldfusion.compiler.ExprClassLoader.evaluate(ExprClassLoader.java:149)
	at coldfusion.runtime.CFPage.Evaluate(CFPage.java:2150)
	at cfframework2ecfc853907146$funcDOCONTROLLER.runFunction(D:\home\shipville.com\wwwroot\cf\framework.cfc:1110)
	at coldfusion.runtime.UDFMethod.invoke(UDFMethod.java:472)
	at coldfusion.runtime.UDFMethod$ReturnTypeFilter.invoke(UDFMethod.java:405)
	at coldfusion.runtime.UDFMethod$ArgumentCollectionFilter.invoke(UDFMethod.java:368)
	at coldfusion.filter.FunctionAccessFilter.invoke(FunctionAccessFilter.java:55)
	at coldfusion.runtime.UDFMethod.runFilterChain(UDFMethod.java:321)
	at coldfusion.runtime.UDFMethod.invoke(UDFMethod.java:220)
	at coldfusion.runtime.CfJspPage._invokeUDF(CfJspPage.java:2659)
	at cfframework2ecfc853907146$funcONREQUEST.runFunction(D:\home\shipville.com\wwwroot\cf\framework.cfc:623)
	at coldfusion.runtime.UDFMethod.invoke(UDFMethod.java:472)
	at coldfusion.runtime.UDFMethod$ReturnTypeFilter.invoke(UDFMethod.java:405)
	at coldfusion.runtime.UDFMethod$ArgumentCollectionFilter.invoke(UDFMethod.java:368)
	at coldfusion.filter.FunctionAccessFilter.invoke(FunctionAccessFilter.java:55)
	at coldfusion.runtime.UDFMethod.runFilterChain(UDFMethod.java:321)
	at coldfusion.runtime.UDFMethod.invoke(UDFMethod.java:220)
	at coldfusion.runtime.TemplateProxy.invoke(TemplateProxy.java:655)
	at coldfusion.runtime.TemplateProxy.invoke(TemplateProxy.java:444)
	at coldfusion.runtime.TemplateProxy.invoke(TemplateProxy.java:414)
	at coldfusion.runtime.AppEventInvoker.invoke(AppEventInvoker.java:108)
	at coldfusion.runtime.AppEventInvoker.onRequest(AppEventInvoker.java:300)
	at coldfusion.filter.ApplicationFilter.invoke(ApplicationFilter.java:424)
	at coldfusion.filter.RequestMonitorFilter.invoke(RequestMonitorFilter.java:48)
	at coldfusion.filter.MonitoringFilter.invoke(MonitoringFilter.java:40)
	at coldfusion.filter.PathFilter.invoke(PathFilter.java:112)
	at coldfusion.filter.ExceptionFilter.invoke(ExceptionFilter.java:94)
	at coldfusion.filter.ClientScopePersistenceFilter.invoke(ClientScopePersistenceFilter.java:28)
	at coldfusion.filter.BrowserFilter.invoke(BrowserFilter.java:38)
	at coldfusion.filter.NoCacheFilter.invoke(NoCacheFilter.java:46)
	at coldfusion.filter.GlobalsFilter.invoke(GlobalsFilter.java:38)
	at coldfusion.filter.DatasourceFilter.invoke(DatasourceFilter.java:22)
	at coldfusion.filter.CachingFilter.invoke(CachingFilter.java:62)
	at coldfusion.filter.RequestThrottleFilter.invoke(RequestThrottleFilter.java:151)
	at coldfusion.CfmServlet.service(CfmServlet.java:219)
	at coldfusion.bootstrap.BootstrapServlet.service(BootstrapServlet.java:89)
	at sun.reflect.GeneratedMethodAccessor37.invoke(Unknown Source)
	at sun.reflect.DelegatingMethodAccessorImpl.invoke(DelegatingMethodAccessorImpl.java:25)
	at java.lang.reflect.Method.invoke(Method.java:597)
	at org.apache.catalina.security.SecurityUtil$1.run(SecurityUtil.java:274)
	at org.apache.catalina.security.SecurityUtil$1.run(SecurityUtil.java:271)
	at java.security.AccessController.doPrivileged(Native Method)
	at javax.security.auth.Subject.doAsPrivileged(Subject.java:517)
	at org.apache.catalina.security.SecurityUtil.execute(SecurityUtil.java:306)
	at org.apache.catalina.security.SecurityUtil.doAsPrivilege(SecurityUtil.java:166)
	at org.apache.catalina.core.ApplicationFilterChain.internalDoFilter(ApplicationFilterChain.java:299)
	at org.apache.catalina.core.ApplicationFilterChain.access$000(ApplicationFilterChain.java:57)
	at org.apache.catalina.core.ApplicationFilterChain$1.run(ApplicationFilterChain.java:193)
	at org.apache.catalina.core.ApplicationFilterChain$1.run(ApplicationFilterChain.java:189)
	at java.security.AccessController.doPrivileged(Native Method)
	at org.apache.catalina.core.ApplicationFilterChain.doFilter(ApplicationFilterChain.java:188)
	at coldfusion.monitor.event.MonitoringServletFilter.doFilter(MonitoringServletFilter.java:42)
	at coldfusion.bootstrap.BootstrapFilter.doFilter(BootstrapFilter.java:46)
	at sun.reflect.GeneratedMethodAccessor36.invoke(Unknown Source)
	at sun.reflect.DelegatingMethodAccessorImpl.invoke(DelegatingMethodAccessorImpl.java:25)
	at java.lang.reflect.Method.invoke(Method.java:597)
	at org.apache.catalina.security.SecurityUtil$1.run(SecurityUtil.java:274)
	at org.apache.catalina.security.SecurityUtil$1.run(SecurityUtil.java:271)
	at java.security.AccessController.doPrivileged(Native Method)
	at javax.security.auth.Subject.doAsPrivileged(Subject.java:517)
	at org.apache.catalina.security.SecurityUtil.execute(SecurityUtil.java:306)
	at org.apache.catalina.security.SecurityUtil.doAsPrivilege(SecurityUtil.java:246)
	at org.apache.catalina.core.ApplicationFilterChain.internalDoFilter(ApplicationFilterChain.java:239)
	at org.apache.catalina.core.ApplicationFilterChain.access$000(ApplicationFilterChain.java:57)
	at org.apache.catalina.core.ApplicationFilterChain$1.run(ApplicationFilterChain.java:193)
	at org.apache.catalina.core.ApplicationFilterChain$1.run(ApplicationFilterChain.java:189)
	at java.security.AccessController.doPrivileged(Native Method)
	at org.apache.catalina.core.ApplicationFilterChain.doFilter(ApplicationFilterChain.java:188)
	at com.seefusion.Filter.doFilter(Filter.java:49)
	at com.seefusion.SeeFusion.doFilter(SeeFusion.java:1500)
	at sun.reflect.GeneratedMethodAccessor35.invoke(Unknown Source)
	at sun.reflect.DelegatingMethodAccessorImpl.invoke(DelegatingMethodAccessorImpl.java:25)
	at java.lang.reflect.Method.invoke(Method.java:597)
	at org.apache.catalina.security.SecurityUtil$1.run(SecurityUtil.java:274)
	at org.apache.catalina.security.SecurityUtil$1.run(SecurityUtil.java:271)
	at java.security.AccessController.doPrivileged(Native Method)
	at javax.security.auth.Subject.doAsPrivileged(Subject.java:517)
	at org.apache.catalina.security.SecurityUtil.execute(SecurityUtil.java:306)
	at org.apache.catalina.security.SecurityUtil.doAsPrivilege(SecurityUtil.java:246)
	at org.apache.catalina.core.ApplicationFilterChain.internalDoFilter(ApplicationFilterChain.java:239)
	at org.apache.catalina.core.ApplicationFilterChain.access$000(ApplicationFilterChain.java:57)
	at org.apache.catalina.core.ApplicationFilterChain$1.run(ApplicationFilterChain.java:193)
	at org.apache.catalina.core.ApplicationFilterChain$1.run(ApplicationFilterChain.java:189)
	at java.security.AccessController.doPrivileged(Native Method)
	at org.apache.catalina.core.ApplicationFilterChain.doFilter(ApplicationFilterChain.java:188)
	at org.apache.catalina.core.StandardWrapperValve.invoke(StandardWrapperValve.java:224)
	at org.apache.catalina.core.StandardContextValve.invoke(StandardContextValve.java:169)
	at org.apache.catalina.authenticator.AuthenticatorBase.invoke(AuthenticatorBase.java:472)
	at org.apache.catalina.core.StandardHostValve.invoke(StandardHostValve.java:168)
	at org.apache.catalina.valves.ErrorReportValve.invoke(ErrorReportValve.java:98)
	at org.apache.catalina.valves.AccessLogValve.invoke(AccessLogValve.java:928)
	at org.apache.catalina.core.StandardEngineValve.invoke(StandardEngineValve.java:118)
	at org.apache.catalina.connector.CoyoteAdapter.service(CoyoteAdapter.java:414)
	at org.apache.coyote.ajp.AjpProcessor.process(AjpProcessor.java:204)
	at org.apache.coyote.AbstractProtocol$AbstractConnectionHandler.process(AbstractProtocol.java:539)
	at org.apache.tomcat.util.net.JIoEndpoint$SocketProcessor.run(JIoEndpoint.java:298)
	at java.util.concurrent.ThreadPoolExecutor$Worker.runTask(ThreadPoolExecutor.java:886)
	at java.util.concurrent.ThreadPoolExecutor$Worker.run(ThreadPoolExecutor.java:908)
	at java.lang.Thread.run(Thread.java:662)

			
-----------------
Entry Date/Time: 2013-09-16 09:53:54
        Comment: Response error response from call: <SOAP-ENV:Envelope xmlns:SOAP-ENV="http://schemas.xmlsoap.org/soap/envelope/"><SOAP-ENV:Header/><SOAP-ENV:Body><RateReply xmlns="http://fedex.com/ws/rate/v13"><HighestSeverity>WARNING</HighestSeverity><Notifications><Severity>WARNING</Severity><Source>crs</Source><Code>557</Code><Message>There are no valid FedEx Express services available. </Message><LocalizedMessage>There are no valid FedEx Express services available. </LocalizedMessage></Notifications><Notifications><Severity>NOTE</Severity><Source>crs</Source><Code>797</Code><Message>Package 1 - Dimensions exceed  length limit of 118 IN allowed for the  origin .  </Message><LocalizedMessage>Package 1 - Dimensions exceed  length limit of 118 IN allowed for the  origin .  </LocalizedMessage><MessageParameters><Id>PACKAGE_INDEX</Id><Value>1</Value></MessageParameters><MessageParameters><Id>DIMENSIONS_VALUE</Id><Value>118</Value></MessageParameters><MessageParameters><Id>DIMENSIONS_UNITS</Id><Value>IN</Value></MessageParameters><MessageParameters><Id>DIMENSIONS_FIELD</Id><Value> length</Value></MessageParameters><MessageParameters><Id>ORIGIN_OR_DESTINATION</Id><Value> origin </Value></MessageParameters></Notifications><TransactionDetail><CustomerTransactionId>Rate a Single Package v13</CustomerTransactionId></TransactionDetail><Version><ServiceId>crs</ServiceId><Major>13</Major><Intermediate>0</Intermediate><Minor>0</Minor></Version></RateReply></SOAP-ENV:Body></SOAP-ENV:Envelope>
		
	Stack Trace: 
    coldfusion.runtime.CustomException: Response error
	at coldfusion.tagext.lang.ThrowTag.doStartTag(ThrowTag.java:142)
	at coldfusion.runtime.CfJspPage._emptyTcfTag(CfJspPage.java:2799)
	at cffedEx2ecfc1936056101$funcGETRATES.runFunction(D:\home\shipville.com\wwwroot\cf\model\services\fedEx.cfc:348)
	at coldfusion.runtime.UDFMethod.invoke(UDFMethod.java:472)
	at coldfusion.runtime.UDFMethod$ReturnTypeFilter.invoke(UDFMethod.java:405)
	at coldfusion.runtime.UDFMethod$ArgumentCollectionFilter.invoke(UDFMethod.java:368)
	at coldfusion.filter.FunctionAccessFilter.invoke(FunctionAccessFilter.java:55)
	at coldfusion.runtime.UDFMethod.runFilterChain(UDFMethod.java:321)
	at coldfusion.runtime.UDFMethod.invoke(UDFMethod.java:518)
	at coldfusion.runtime.TemplateProxy.invoke(TemplateProxy.java:660)
	at coldfusion.runtime.TemplateProxy.invoke(TemplateProxy.java:469)
	at coldfusion.runtime.CfJspPage._invoke(CfJspPage.java:2373)
	at cfshipment2ecfc2002295834$funcESTIMATE.runFunction(D:\home\shipville.com\wwwroot\cf\model\services\shipment.cfc:54)
	at coldfusion.runtime.UDFMethod.invoke(UDFMethod.java:472)
	at coldfusion.runtime.UDFMethod$ReturnTypeFilter.invoke(UDFMethod.java:405)
	at coldfusion.runtime.UDFMethod$ArgumentCollectionFilter.invoke(UDFMethod.java:368)
	at coldfusion.filter.FunctionAccessFilter.invoke(FunctionAccessFilter.java:55)
	at coldfusion.runtime.UDFMethod.runFilterChain(UDFMethod.java:321)
	at coldfusion.runtime.UDFMethod.invoke(UDFMethod.java:220)
	at coldfusion.runtime.TemplateProxy.invoke(TemplateProxy.java:655)
	at coldfusion.runtime.TemplateProxy.invoke(TemplateProxy.java:444)
	at coldfusion.runtime.TemplateProxy.invoke(TemplateProxy.java:414)
	at coldfusion.runtime.CfJspPage._invoke(CfJspPage.java:2432)
	at cfmain2ecfc134375501$funcESTIMATOR.runFunction(D:\home\shipville.com\wwwroot\cf\controllers\main.cfc:27)
	at coldfusion.runtime.UDFMethod.invoke(UDFMethod.java:472)
	at coldfusion.runtime.UDFMethod$ReturnTypeFilter.invoke(UDFMethod.java:405)
	at coldfusion.runtime.UDFMethod$ArgumentCollectionFilter.invoke(UDFMethod.java:368)
	at coldfusion.filter.FunctionAccessFilter.invoke(FunctionAccessFilter.java:55)
	at coldfusion.runtime.UDFMethod.runFilterChain(UDFMethod.java:321)
	at coldfusion.runtime.UDFMethod.invoke(UDFMethod.java:518)
	at coldfusion.runtime.TemplateProxy.invoke(TemplateProxy.java:660)
	at coldfusion.runtime.TemplateProxy.invoke(TemplateProxy.java:469)
	at coldfusion.runtime.CfJspPage._invoke(CfJspPage.java:2373)
	at Statement52704.evaluate(<generated>:1)
	at coldfusion.compiler.ExprClassLoader.evaluate(ExprClassLoader.java:149)
	at coldfusion.runtime.CFPage.Evaluate(CFPage.java:2150)
	at cfframework2ecfc853907146$funcDOCONTROLLER.runFunction(D:\home\shipville.com\wwwroot\cf\framework.cfc:1110)
	at coldfusion.runtime.UDFMethod.invoke(UDFMethod.java:472)
	at coldfusion.runtime.UDFMethod$ReturnTypeFilter.invoke(UDFMethod.java:405)
	at coldfusion.runtime.UDFMethod$ArgumentCollectionFilter.invoke(UDFMethod.java:368)
	at coldfusion.filter.FunctionAccessFilter.invoke(FunctionAccessFilter.java:55)
	at coldfusion.runtime.UDFMethod.runFilterChain(UDFMethod.java:321)
	at coldfusion.runtime.UDFMethod.invoke(UDFMethod.java:220)
	at coldfusion.runtime.CfJspPage._invokeUDF(CfJspPage.java:2659)
	at cfframework2ecfc853907146$funcONREQUEST.runFunction(D:\home\shipville.com\wwwroot\cf\framework.cfc:623)
	at coldfusion.runtime.UDFMethod.invoke(UDFMethod.java:472)
	at coldfusion.runtime.UDFMethod$ReturnTypeFilter.invoke(UDFMethod.java:405)
	at coldfusion.runtime.UDFMethod$ArgumentCollectionFilter.invoke(UDFMethod.java:368)
	at coldfusion.filter.FunctionAccessFilter.invoke(FunctionAccessFilter.java:55)
	at coldfusion.runtime.UDFMethod.runFilterChain(UDFMethod.java:321)
	at coldfusion.runtime.UDFMethod.invoke(UDFMethod.java:220)
	at coldfusion.runtime.TemplateProxy.invoke(TemplateProxy.java:655)
	at coldfusion.runtime.TemplateProxy.invoke(TemplateProxy.java:444)
	at coldfusion.runtime.TemplateProxy.invoke(TemplateProxy.java:414)
	at coldfusion.runtime.AppEventInvoker.invoke(AppEventInvoker.java:108)
	at coldfusion.runtime.AppEventInvoker.onRequest(AppEventInvoker.java:300)
	at coldfusion.filter.ApplicationFilter.invoke(ApplicationFilter.java:424)
	at coldfusion.filter.RequestMonitorFilter.invoke(RequestMonitorFilter.java:48)
	at coldfusion.filter.MonitoringFilter.invoke(MonitoringFilter.java:40)
	at coldfusion.filter.PathFilter.invoke(PathFilter.java:112)
	at coldfusion.filter.ExceptionFilter.invoke(ExceptionFilter.java:94)
	at coldfusion.filter.ClientScopePersistenceFilter.invoke(ClientScopePersistenceFilter.java:28)
	at coldfusion.filter.BrowserFilter.invoke(BrowserFilter.java:38)
	at coldfusion.filter.NoCacheFilter.invoke(NoCacheFilter.java:46)
	at coldfusion.filter.GlobalsFilter.invoke(GlobalsFilter.java:38)
	at coldfusion.filter.DatasourceFilter.invoke(DatasourceFilter.java:22)
	at coldfusion.filter.CachingFilter.invoke(CachingFilter.java:62)
	at coldfusion.filter.RequestThrottleFilter.invoke(RequestThrottleFilter.java:151)
	at coldfusion.CfmServlet.service(CfmServlet.java:219)
	at coldfusion.bootstrap.BootstrapServlet.service(BootstrapServlet.java:89)
	at sun.reflect.GeneratedMethodAccessor37.invoke(Unknown Source)
	at sun.reflect.DelegatingMethodAccessorImpl.invoke(DelegatingMethodAccessorImpl.java:25)
	at java.lang.reflect.Method.invoke(Method.java:597)
	at org.apache.catalina.security.SecurityUtil$1.run(SecurityUtil.java:274)
	at org.apache.catalina.security.SecurityUtil$1.run(SecurityUtil.java:271)
	at java.security.AccessController.doPrivileged(Native Method)
	at javax.security.auth.Subject.doAsPrivileged(Subject.java:517)
	at org.apache.catalina.security.SecurityUtil.execute(SecurityUtil.java:306)
	at org.apache.catalina.security.SecurityUtil.doAsPrivilege(SecurityUtil.java:166)
	at org.apache.catalina.core.ApplicationFilterChain.internalDoFilter(ApplicationFilterChain.java:299)
	at org.apache.catalina.core.ApplicationFilterChain.access$000(ApplicationFilterChain.java:57)
	at org.apache.catalina.core.ApplicationFilterChain$1.run(ApplicationFilterChain.java:193)
	at org.apache.catalina.core.ApplicationFilterChain$1.run(ApplicationFilterChain.java:189)
	at java.security.AccessController.doPrivileged(Native Method)
	at org.apache.catalina.core.ApplicationFilterChain.doFilter(ApplicationFilterChain.java:188)
	at coldfusion.monitor.event.MonitoringServletFilter.doFilter(MonitoringServletFilter.java:42)
	at coldfusion.bootstrap.BootstrapFilter.doFilter(BootstrapFilter.java:46)
	at sun.reflect.GeneratedMethodAccessor36.invoke(Unknown Source)
	at sun.reflect.DelegatingMethodAccessorImpl.invoke(DelegatingMethodAccessorImpl.java:25)
	at java.lang.reflect.Method.invoke(Method.java:597)
	at org.apache.catalina.security.SecurityUtil$1.run(SecurityUtil.java:274)
	at org.apache.catalina.security.SecurityUtil$1.run(SecurityUtil.java:271)
	at java.security.AccessController.doPrivileged(Native Method)
	at javax.security.auth.Subject.doAsPrivileged(Subject.java:517)
	at org.apache.catalina.security.SecurityUtil.execute(SecurityUtil.java:306)
	at org.apache.catalina.security.SecurityUtil.doAsPrivilege(SecurityUtil.java:246)
	at org.apache.catalina.core.ApplicationFilterChain.internalDoFilter(ApplicationFilterChain.java:239)
	at org.apache.catalina.core.ApplicationFilterChain.access$000(ApplicationFilterChain.java:57)
	at org.apache.catalina.core.ApplicationFilterChain$1.run(ApplicationFilterChain.java:193)
	at org.apache.catalina.core.ApplicationFilterChain$1.run(ApplicationFilterChain.java:189)
	at java.security.AccessController.doPrivileged(Native Method)
	at org.apache.catalina.core.ApplicationFilterChain.doFilter(ApplicationFilterChain.java:188)
	at com.seefusion.Filter.doFilter(Filter.java:49)
	at com.seefusion.SeeFusion.doFilter(SeeFusion.java:1500)
	at sun.reflect.GeneratedMethodAccessor35.invoke(Unknown Source)
	at sun.reflect.DelegatingMethodAccessorImpl.invoke(DelegatingMethodAccessorImpl.java:25)
	at java.lang.reflect.Method.invoke(Method.java:597)
	at org.apache.catalina.security.SecurityUtil$1.run(SecurityUtil.java:274)
	at org.apache.catalina.security.SecurityUtil$1.run(SecurityUtil.java:271)
	at java.security.AccessController.doPrivileged(Native Method)
	at javax.security.auth.Subject.doAsPrivileged(Subject.java:517)
	at org.apache.catalina.security.SecurityUtil.execute(SecurityUtil.java:306)
	at org.apache.catalina.security.SecurityUtil.doAsPrivilege(SecurityUtil.java:246)
	at org.apache.catalina.core.ApplicationFilterChain.internalDoFilter(ApplicationFilterChain.java:239)
	at org.apache.catalina.core.ApplicationFilterChain.access$000(ApplicationFilterChain.java:57)
	at org.apache.catalina.core.ApplicationFilterChain$1.run(ApplicationFilterChain.java:193)
	at org.apache.catalina.core.ApplicationFilterChain$1.run(ApplicationFilterChain.java:189)
	at java.security.AccessController.doPrivileged(Native Method)
	at org.apache.catalina.core.ApplicationFilterChain.doFilter(ApplicationFilterChain.java:188)
	at org.apache.catalina.core.StandardWrapperValve.invoke(StandardWrapperValve.java:224)
	at org.apache.catalina.core.StandardContextValve.invoke(StandardContextValve.java:169)
	at org.apache.catalina.authenticator.AuthenticatorBase.invoke(AuthenticatorBase.java:472)
	at org.apache.catalina.core.StandardHostValve.invoke(StandardHostValve.java:168)
	at org.apache.catalina.valves.ErrorReportValve.invoke(ErrorReportValve.java:98)
	at org.apache.catalina.valves.AccessLogValve.invoke(AccessLogValve.java:928)
	at org.apache.catalina.core.StandardEngineValve.invoke(StandardEngineValve.java:118)
	at org.apache.catalina.connector.CoyoteAdapter.service(CoyoteAdapter.java:414)
	at org.apache.coyote.ajp.AjpProcessor.process(AjpProcessor.java:204)
	at org.apache.coyote.AbstractProtocol$AbstractConnectionHandler.process(AbstractProtocol.java:539)
	at org.apache.tomcat.util.net.JIoEndpoint$SocketProcessor.run(JIoEndpoint.java:298)
	at java.util.concurrent.ThreadPoolExecutor$Worker.runTask(ThreadPoolExecutor.java:886)
	at java.util.concurrent.ThreadPoolExecutor$Worker.run(ThreadPoolExecutor.java:908)
	at java.lang.Thread.run(Thread.java:662)

			

-----------------
Entry Date/Time: 2013-09-16 09:54:18
        Comment: Response error response from call: <SOAP-ENV:Envelope xmlns:SOAP-ENV="http://schemas.xmlsoap.org/soap/envelope/"><SOAP-ENV:Header/><SOAP-ENV:Body><RateReply xmlns="http://fedex.com/ws/rate/v13"><HighestSeverity>WARNING</HighestSeverity><Notifications><Severity>WARNING</Severity><Source>crs</Source><Code>557</Code><Message>There are no valid FedEx Express services available. </Message><LocalizedMessage>There are no valid FedEx Express services available. </LocalizedMessage></Notifications><Notifications><Severity>NOTE</Severity><Source>crs</Source><Code>797</Code><Message>Package 1 - Dimensions exceed  length limit of 118 IN allowed for the  origin .  </Message><LocalizedMessage>Package 1 - Dimensions exceed  length limit of 118 IN allowed for the  origin .  </LocalizedMessage><MessageParameters><Id>PACKAGE_INDEX</Id><Value>1</Value></MessageParameters><MessageParameters><Id>DIMENSIONS_VALUE</Id><Value>118</Value></MessageParameters><MessageParameters><Id>DIMENSIONS_UNITS</Id><Value>IN</Value></MessageParameters><MessageParameters><Id>DIMENSIONS_FIELD</Id><Value> length</Value></MessageParameters><MessageParameters><Id>ORIGIN_OR_DESTINATION</Id><Value> origin </Value></MessageParameters></Notifications><TransactionDetail><CustomerTransactionId>Rate a Single Package v13</CustomerTransactionId></TransactionDetail><Version><ServiceId>crs</ServiceId><Major>13</Major><Intermediate>0</Intermediate><Minor>0</Minor></Version></RateReply></SOAP-ENV:Body></SOAP-ENV:Envelope>
		
	Stack Trace: 
    coldfusion.runtime.CustomException: Response error
	at coldfusion.tagext.lang.ThrowTag.doStartTag(ThrowTag.java:142)
	at coldfusion.runtime.CfJspPage._emptyTcfTag(CfJspPage.java:2799)
	at cffedEx2ecfc1936056101$funcGETRATES.runFunction(D:\home\shipville.com\wwwroot\cf\model\services\fedEx.cfc:348)
	at coldfusion.runtime.UDFMethod.invoke(UDFMethod.java:472)
	at coldfusion.runtime.UDFMethod$ReturnTypeFilter.invoke(UDFMethod.java:405)
	at coldfusion.runtime.UDFMethod$ArgumentCollectionFilter.invoke(UDFMethod.java:368)
	at coldfusion.filter.FunctionAccessFilter.invoke(FunctionAccessFilter.java:55)
	at coldfusion.runtime.UDFMethod.runFilterChain(UDFMethod.java:321)
	at coldfusion.runtime.UDFMethod.invoke(UDFMethod.java:518)
	at coldfusion.runtime.TemplateProxy.invoke(TemplateProxy.java:660)
	at coldfusion.runtime.TemplateProxy.invoke(TemplateProxy.java:469)
	at coldfusion.runtime.CfJspPage._invoke(CfJspPage.java:2373)
	at cfshipment2ecfc2002295834$funcESTIMATE.runFunction(D:\home\shipville.com\wwwroot\cf\model\services\shipment.cfc:54)
	at coldfusion.runtime.UDFMethod.invoke(UDFMethod.java:472)
	at coldfusion.runtime.UDFMethod$ReturnTypeFilter.invoke(UDFMethod.java:405)
	at coldfusion.runtime.UDFMethod$ArgumentCollectionFilter.invoke(UDFMethod.java:368)
	at coldfusion.filter.FunctionAccessFilter.invoke(FunctionAccessFilter.java:55)
	at coldfusion.runtime.UDFMethod.runFilterChain(UDFMethod.java:321)
	at coldfusion.runtime.UDFMethod.invoke(UDFMethod.java:220)
	at coldfusion.runtime.TemplateProxy.invoke(TemplateProxy.java:655)
	at coldfusion.runtime.TemplateProxy.invoke(TemplateProxy.java:444)
	at coldfusion.runtime.TemplateProxy.invoke(TemplateProxy.java:414)
	at coldfusion.runtime.CfJspPage._invoke(CfJspPage.java:2432)
	at cfmain2ecfc134375501$funcESTIMATOR.runFunction(D:\home\shipville.com\wwwroot\cf\controllers\main.cfc:27)
	at coldfusion.runtime.UDFMethod.invoke(UDFMethod.java:472)
	at coldfusion.runtime.UDFMethod$ReturnTypeFilter.invoke(UDFMethod.java:405)
	at coldfusion.runtime.UDFMethod$ArgumentCollectionFilter.invoke(UDFMethod.java:368)
	at coldfusion.filter.FunctionAccessFilter.invoke(FunctionAccessFilter.java:55)
	at coldfusion.runtime.UDFMethod.runFilterChain(UDFMethod.java:321)
	at coldfusion.runtime.UDFMethod.invoke(UDFMethod.java:518)
	at coldfusion.runtime.TemplateProxy.invoke(TemplateProxy.java:660)
	at coldfusion.runtime.TemplateProxy.invoke(TemplateProxy.java:469)
	at coldfusion.runtime.CfJspPage._invoke(CfJspPage.java:2373)
	at Statement52704.evaluate(<generated>:1)
	at coldfusion.compiler.ExprClassLoader.evaluate(ExprClassLoader.java:149)
	at coldfusion.runtime.CFPage.Evaluate(CFPage.java:2150)
	at cfframework2ecfc853907146$funcDOCONTROLLER.runFunction(D:\home\shipville.com\wwwroot\cf\framework.cfc:1110)
	at coldfusion.runtime.UDFMethod.invoke(UDFMethod.java:472)
	at coldfusion.runtime.UDFMethod$ReturnTypeFilter.invoke(UDFMethod.java:405)
	at coldfusion.runtime.UDFMethod$ArgumentCollectionFilter.invoke(UDFMethod.java:368)
	at coldfusion.filter.FunctionAccessFilter.invoke(FunctionAccessFilter.java:55)
	at coldfusion.runtime.UDFMethod.runFilterChain(UDFMethod.java:321)
	at coldfusion.runtime.UDFMethod.invoke(UDFMethod.java:220)
	at coldfusion.runtime.CfJspPage._invokeUDF(CfJspPage.java:2659)
	at cfframework2ecfc853907146$funcONREQUEST.runFunction(D:\home\shipville.com\wwwroot\cf\framework.cfc:623)
	at coldfusion.runtime.UDFMethod.invoke(UDFMethod.java:472)
	at coldfusion.runtime.UDFMethod$ReturnTypeFilter.invoke(UDFMethod.java:405)
	at coldfusion.runtime.UDFMethod$ArgumentCollectionFilter.invoke(UDFMethod.java:368)
	at coldfusion.filter.FunctionAccessFilter.invoke(FunctionAccessFilter.java:55)
	at coldfusion.runtime.UDFMethod.runFilterChain(UDFMethod.java:321)
	at coldfusion.runtime.UDFMethod.invoke(UDFMethod.java:220)
	at coldfusion.runtime.TemplateProxy.invoke(TemplateProxy.java:655)
	at coldfusion.runtime.TemplateProxy.invoke(TemplateProxy.java:444)
	at coldfusion.runtime.TemplateProxy.invoke(TemplateProxy.java:414)
	at coldfusion.runtime.AppEventInvoker.invoke(AppEventInvoker.java:108)
	at coldfusion.runtime.AppEventInvoker.onRequest(AppEventInvoker.java:300)
	at coldfusion.filter.ApplicationFilter.invoke(ApplicationFilter.java:424)
	at coldfusion.filter.RequestMonitorFilter.invoke(RequestMonitorFilter.java:48)
	at coldfusion.filter.MonitoringFilter.invoke(MonitoringFilter.java:40)
	at coldfusion.filter.PathFilter.invoke(PathFilter.java:112)
	at coldfusion.filter.ExceptionFilter.invoke(ExceptionFilter.java:94)
	at coldfusion.filter.ClientScopePersistenceFilter.invoke(ClientScopePersistenceFilter.java:28)
	at coldfusion.filter.BrowserFilter.invoke(BrowserFilter.java:38)
	at coldfusion.filter.NoCacheFilter.invoke(NoCacheFilter.java:46)
	at coldfusion.filter.GlobalsFilter.invoke(GlobalsFilter.java:38)
	at coldfusion.filter.DatasourceFilter.invoke(DatasourceFilter.java:22)
	at coldfusion.filter.CachingFilter.invoke(CachingFilter.java:62)
	at coldfusion.filter.RequestThrottleFilter.invoke(RequestThrottleFilter.java:151)
	at coldfusion.CfmServlet.service(CfmServlet.java:219)
	at coldfusion.bootstrap.BootstrapServlet.service(BootstrapServlet.java:89)
	at sun.reflect.GeneratedMethodAccessor37.invoke(Unknown Source)
	at sun.reflect.DelegatingMethodAccessorImpl.invoke(DelegatingMethodAccessorImpl.java:25)
	at java.lang.reflect.Method.invoke(Method.java:597)
	at org.apache.catalina.security.SecurityUtil$1.run(SecurityUtil.java:274)
	at org.apache.catalina.security.SecurityUtil$1.run(SecurityUtil.java:271)
	at java.security.AccessController.doPrivileged(Native Method)
	at javax.security.auth.Subject.doAsPrivileged(Subject.java:517)
	at org.apache.catalina.security.SecurityUtil.execute(SecurityUtil.java:306)
	at org.apache.catalina.security.SecurityUtil.doAsPrivilege(SecurityUtil.java:166)
	at org.apache.catalina.core.ApplicationFilterChain.internalDoFilter(ApplicationFilterChain.java:299)
	at org.apache.catalina.core.ApplicationFilterChain.access$000(ApplicationFilterChain.java:57)
	at org.apache.catalina.core.ApplicationFilterChain$1.run(ApplicationFilterChain.java:193)
	at org.apache.catalina.core.ApplicationFilterChain$1.run(ApplicationFilterChain.java:189)
	at java.security.AccessController.doPrivileged(Native Method)
	at org.apache.catalina.core.ApplicationFilterChain.doFilter(ApplicationFilterChain.java:188)
	at coldfusion.monitor.event.MonitoringServletFilter.doFilter(MonitoringServletFilter.java:42)
	at coldfusion.bootstrap.BootstrapFilter.doFilter(BootstrapFilter.java:46)
	at sun.reflect.GeneratedMethodAccessor36.invoke(Unknown Source)
	at sun.reflect.DelegatingMethodAccessorImpl.invoke(DelegatingMethodAccessorImpl.java:25)
	at java.lang.reflect.Method.invoke(Method.java:597)
	at org.apache.catalina.security.SecurityUtil$1.run(SecurityUtil.java:274)
	at org.apache.catalina.security.SecurityUtil$1.run(SecurityUtil.java:271)
	at java.security.AccessController.doPrivileged(Native Method)
	at javax.security.auth.Subject.doAsPrivileged(Subject.java:517)
	at org.apache.catalina.security.SecurityUtil.execute(SecurityUtil.java:306)
	at org.apache.catalina.security.SecurityUtil.doAsPrivilege(SecurityUtil.java:246)
	at org.apache.catalina.core.ApplicationFilterChain.internalDoFilter(ApplicationFilterChain.java:239)
	at org.apache.catalina.core.ApplicationFilterChain.access$000(ApplicationFilterChain.java:57)
	at org.apache.catalina.core.ApplicationFilterChain$1.run(ApplicationFilterChain.java:193)
	at org.apache.catalina.core.ApplicationFilterChain$1.run(ApplicationFilterChain.java:189)
	at java.security.AccessController.doPrivileged(Native Method)
	at org.apache.catalina.core.ApplicationFilterChain.doFilter(ApplicationFilterChain.java:188)
	at com.seefusion.Filter.doFilter(Filter.java:49)
	at com.seefusion.SeeFusion.doFilter(SeeFusion.java:1500)
	at sun.reflect.GeneratedMethodAccessor35.invoke(Unknown Source)
	at sun.reflect.DelegatingMethodAccessorImpl.invoke(DelegatingMethodAccessorImpl.java:25)
	at java.lang.reflect.Method.invoke(Method.java:597)
	at org.apache.catalina.security.SecurityUtil$1.run(SecurityUtil.java:274)
	at org.apache.catalina.security.SecurityUtil$1.run(SecurityUtil.java:271)
	at java.security.AccessController.doPrivileged(Native Method)
	at javax.security.auth.Subject.doAsPrivileged(Subject.java:517)
	at org.apache.catalina.security.SecurityUtil.execute(SecurityUtil.java:306)
	at org.apache.catalina.security.SecurityUtil.doAsPrivilege(SecurityUtil.java:246)
	at org.apache.catalina.core.ApplicationFilterChain.internalDoFilter(ApplicationFilterChain.java:239)
	at org.apache.catalina.core.ApplicationFilterChain.access$000(ApplicationFilterChain.java:57)
	at org.apache.catalina.core.ApplicationFilterChain$1.run(ApplicationFilterChain.java:193)
	at org.apache.catalina.core.ApplicationFilterChain$1.run(ApplicationFilterChain.java:189)
	at java.security.AccessController.doPrivileged(Native Method)
	at org.apache.catalina.core.ApplicationFilterChain.doFilter(ApplicationFilterChain.java:188)
	at org.apache.catalina.core.StandardWrapperValve.invoke(StandardWrapperValve.java:224)
	at org.apache.catalina.core.StandardContextValve.invoke(StandardContextValve.java:169)
	at org.apache.catalina.authenticator.AuthenticatorBase.invoke(AuthenticatorBase.java:472)
	at org.apache.catalina.core.StandardHostValve.invoke(StandardHostValve.java:168)
	at org.apache.catalina.valves.ErrorReportValve.invoke(ErrorReportValve.java:98)
	at org.apache.catalina.valves.AccessLogValve.invoke(AccessLogValve.java:928)
	at org.apache.catalina.core.StandardEngineValve.invoke(StandardEngineValve.java:118)
	at org.apache.catalina.connector.CoyoteAdapter.service(CoyoteAdapter.java:414)
	at org.apache.coyote.ajp.AjpProcessor.process(AjpProcessor.java:204)
	at org.apache.coyote.AbstractProtocol$AbstractConnectionHandler.process(AbstractProtocol.java:539)
	at org.apache.tomcat.util.net.JIoEndpoint$SocketProcessor.run(JIoEndpoint.java:298)
	at java.util.concurrent.ThreadPoolExecutor$Worker.runTask(ThreadPoolExecutor.java:886)
	at java.util.concurrent.ThreadPoolExecutor$Worker.run(ThreadPoolExecutor.java:908)
	at java.lang.Thread.run(Thread.java:662)

			

-----------------
Entry Date/Time: 2013-09-16 01:51:22
        Comment: Response error response from call: <SOAP-ENV:Envelope xmlns:SOAP-ENV="http://schemas.xmlsoap.org/soap/envelope/"><SOAP-ENV:Header/><SOAP-ENV:Body><RateReply xmlns="http://fedex.com/ws/rate/v13"><HighestSeverity>WARNING</HighestSeverity><Notifications><Severity>WARNING</Severity><Source>crs</Source><Code>557</Code><Message>There are no valid FedEx Express services available. </Message><LocalizedMessage>There are no valid FedEx Express services available. </LocalizedMessage></Notifications><Notifications><Severity>WARNING</Severity><Source>crs</Source><Code>831</Code><Message>Service was validated at the country level, but might not be valid for the actual intended city for the origin. </Message><LocalizedMessage>Service was validated at the country level, but might not be valid for the actual intended city for the origin. </LocalizedMessage><MessageParameters><Id>ORIGIN_OR_DESTINATION</Id><Value>origin</Value></MessageParameters></Notifications><Notifications><Severity>WARNING</Severity><Source>crs</Source><Code>831</Code><Message>Service was validated at the country level, but might not be valid for the actual intended city for the destination. </Message><LocalizedMessage>Service was validated at the country level, but might not be valid for the actual intended city for the destination. </LocalizedMessage><MessageParameters><Id>ORIGIN_OR_DESTINATION</Id><Value>destination</Value></MessageParameters></Notifications><Notifications><Severity>NOTE</Severity><Source>crs</Source><Code>868</Code><Message>Service is not allowed.  </Message><LocalizedMessage>Service is not allowed.  </LocalizedMessage></Notifications><Notifications><Severity>NOTE</Severity><Source>crs</Source><Code>823</Code><Message>The country's default routing code was used for the origin. </Message><LocalizedMessage>The country's default routing code was used for the origin. </LocalizedMessage><MessageParameters><Id>ORIGIN_OR_DESTINATION</Id><Value>origin</Value></MessageParameters></Notifications><Notifications><Severity>NOTE</Severity><Source>crs</Source><Code>823</Code><Message>The country's default routing code was used for the destination. </Message><LocalizedMessage>The country's default routing code was used for the destination. </LocalizedMessage><MessageParameters><Id>ORIGIN_OR_DESTINATION</Id><Value>destination</Value></MessageParameters></Notifications><TransactionDetail><CustomerTransactionId>Rate a Single Package v13</CustomerTransactionId></TransactionDetail><Version><ServiceId>crs</ServiceId><Major>13</Major><Intermediate>0</Intermediate><Minor>0</Minor></Version></RateReply></SOAP-ENV:Body></SOAP-ENV:Envelope>
		
	Stack Trace: 
    coldfusion.runtime.CustomException: Response error
	at coldfusion.tagext.lang.ThrowTag.doStartTag(ThrowTag.java:142)
	at coldfusion.runtime.CfJspPage._emptyTcfTag(CfJspPage.java:2799)
	at cffedEx2ecfc1936056101$funcGETRATES.runFunction(D:\home\shipville.com\wwwroot\cf\model\services\fedEx.cfc:348)
	at coldfusion.runtime.UDFMethod.invoke(UDFMethod.java:472)
	at coldfusion.runtime.UDFMethod$ReturnTypeFilter.invoke(UDFMethod.java:405)
	at coldfusion.runtime.UDFMethod$ArgumentCollectionFilter.invoke(UDFMethod.java:368)
	at coldfusion.filter.FunctionAccessFilter.invoke(FunctionAccessFilter.java:55)
	at coldfusion.runtime.UDFMethod.runFilterChain(UDFMethod.java:321)
	at coldfusion.runtime.UDFMethod.invoke(UDFMethod.java:518)
	at coldfusion.runtime.TemplateProxy.invoke(TemplateProxy.java:660)
	at coldfusion.runtime.TemplateProxy.invoke(TemplateProxy.java:469)
	at coldfusion.runtime.CfJspPage._invoke(CfJspPage.java:2373)
	at cfshipment2ecfc2002295834$funcESTIMATE.runFunction(D:\home\shipville.com\wwwroot\cf\model\services\shipment.cfc:54)
	at coldfusion.runtime.UDFMethod.invoke(UDFMethod.java:472)
	at coldfusion.runtime.UDFMethod$ReturnTypeFilter.invoke(UDFMethod.java:405)
	at coldfusion.runtime.UDFMethod$ArgumentCollectionFilter.invoke(UDFMethod.java:368)
	at coldfusion.filter.FunctionAccessFilter.invoke(FunctionAccessFilter.java:55)
	at coldfusion.runtime.UDFMethod.runFilterChain(UDFMethod.java:321)
	at coldfusion.runtime.UDFMethod.invoke(UDFMethod.java:220)
	at coldfusion.runtime.TemplateProxy.invoke(TemplateProxy.java:655)
	at coldfusion.runtime.TemplateProxy.invoke(TemplateProxy.java:444)
	at coldfusion.runtime.TemplateProxy.invoke(TemplateProxy.java:414)
	at coldfusion.runtime.CfJspPage._invoke(CfJspPage.java:2432)
	at cfmain2ecfc134375501$funcESTIMATOR.runFunction(D:\home\shipville.com\wwwroot\cf\controllers\main.cfc:27)
	at coldfusion.runtime.UDFMethod.invoke(UDFMethod.java:472)
	at coldfusion.runtime.UDFMethod$ReturnTypeFilter.invoke(UDFMethod.java:405)
	at coldfusion.runtime.UDFMethod$ArgumentCollectionFilter.invoke(UDFMethod.java:368)
	at coldfusion.filter.FunctionAccessFilter.invoke(FunctionAccessFilter.java:55)
	at coldfusion.runtime.UDFMethod.runFilterChain(UDFMethod.java:321)
	at coldfusion.runtime.UDFMethod.invoke(UDFMethod.java:518)
	at coldfusion.runtime.TemplateProxy.invoke(TemplateProxy.java:660)
	at coldfusion.runtime.TemplateProxy.invoke(TemplateProxy.java:469)
	at coldfusion.runtime.CfJspPage._invoke(CfJspPage.java:2373)
	at Statement53107.evaluate(<generated>:1)
	at coldfusion.compiler.ExprClassLoader.evaluate(ExprClassLoader.java:149)
	at coldfusion.runtime.CFPage.Evaluate(CFPage.java:2150)
	at cfframework2ecfc853907146$funcDOCONTROLLER.runFunction(D:\home\shipville.com\wwwroot\cf\framework.cfc:1110)
	at coldfusion.runtime.UDFMethod.invoke(UDFMethod.java:472)
	at coldfusion.runtime.UDFMethod$ReturnTypeFilter.invoke(UDFMethod.java:405)
	at coldfusion.runtime.UDFMethod$ArgumentCollectionFilter.invoke(UDFMethod.java:368)
	at coldfusion.filter.FunctionAccessFilter.invoke(FunctionAccessFilter.java:55)
	at coldfusion.runtime.UDFMethod.runFilterChain(UDFMethod.java:321)
	at coldfusion.runtime.UDFMethod.invoke(UDFMethod.java:220)
	at coldfusion.runtime.CfJspPage._invokeUDF(CfJspPage.java:2659)
	at cfframework2ecfc853907146$funcONREQUEST.runFunction(D:\home\shipville.com\wwwroot\cf\framework.cfc:623)
	at coldfusion.runtime.UDFMethod.invoke(UDFMethod.java:472)
	at coldfusion.runtime.UDFMethod$ReturnTypeFilter.invoke(UDFMethod.java:405)
	at coldfusion.runtime.UDFMethod$ArgumentCollectionFilter.invoke(UDFMethod.java:368)
	at coldfusion.filter.FunctionAccessFilter.invoke(FunctionAccessFilter.java:55)
	at coldfusion.runtime.UDFMethod.runFilterChain(UDFMethod.java:321)
	at coldfusion.runtime.UDFMethod.invoke(UDFMethod.java:220)
	at coldfusion.runtime.TemplateProxy.invoke(TemplateProxy.java:655)
	at coldfusion.runtime.TemplateProxy.invoke(TemplateProxy.java:444)
	at coldfusion.runtime.TemplateProxy.invoke(TemplateProxy.java:414)
	at coldfusion.runtime.AppEventInvoker.invoke(AppEventInvoker.java:108)
	at coldfusion.runtime.AppEventInvoker.onRequest(AppEventInvoker.java:300)
	at coldfusion.filter.ApplicationFilter.invoke(ApplicationFilter.java:424)
	at coldfusion.filter.RequestMonitorFilter.invoke(RequestMonitorFilter.java:48)
	at coldfusion.filter.MonitoringFilter.invoke(MonitoringFilter.java:40)
	at coldfusion.filter.PathFilter.invoke(PathFilter.java:112)
	at coldfusion.filter.ExceptionFilter.invoke(ExceptionFilter.java:94)
	at coldfusion.filter.ClientScopePersistenceFilter.invoke(ClientScopePersistenceFilter.java:28)
	at coldfusion.filter.BrowserFilter.invoke(BrowserFilter.java:38)
	at coldfusion.filter.NoCacheFilter.invoke(NoCacheFilter.java:46)
	at coldfusion.filter.GlobalsFilter.invoke(GlobalsFilter.java:38)
	at coldfusion.filter.DatasourceFilter.invoke(DatasourceFilter.java:22)
	at coldfusion.filter.CachingFilter.invoke(CachingFilter.java:62)
	at coldfusion.filter.RequestThrottleFilter.invoke(RequestThrottleFilter.java:151)
	at coldfusion.CfmServlet.service(CfmServlet.java:219)
	at coldfusion.bootstrap.BootstrapServlet.service(BootstrapServlet.java:89)
	at sun.reflect.GeneratedMethodAccessor37.invoke(Unknown Source)
	at sun.reflect.DelegatingMethodAccessorImpl.invoke(DelegatingMethodAccessorImpl.java:25)
	at java.lang.reflect.Method.invoke(Method.java:597)
	at org.apache.catalina.security.SecurityUtil$1.run(SecurityUtil.java:274)
	at org.apache.catalina.security.SecurityUtil$1.run(SecurityUtil.java:271)
	at java.security.AccessController.doPrivileged(Native Method)
	at javax.security.auth.Subject.doAsPrivileged(Subject.java:517)
	at org.apache.catalina.security.SecurityUtil.execute(SecurityUtil.java:306)
	at org.apache.catalina.security.SecurityUtil.doAsPrivilege(SecurityUtil.java:166)
	at org.apache.catalina.core.ApplicationFilterChain.internalDoFilter(ApplicationFilterChain.java:299)
	at org.apache.catalina.core.ApplicationFilterChain.access$000(ApplicationFilterChain.java:57)
	at org.apache.catalina.core.ApplicationFilterChain$1.run(ApplicationFilterChain.java:193)
	at org.apache.catalina.core.ApplicationFilterChain$1.run(ApplicationFilterChain.java:189)
	at java.security.AccessController.doPrivileged(Native Method)
	at org.apache.catalina.core.ApplicationFilterChain.doFilter(ApplicationFilterChain.java:188)
	at coldfusion.monitor.event.MonitoringServletFilter.doFilter(MonitoringServletFilter.java:42)
	at coldfusion.bootstrap.BootstrapFilter.doFilter(BootstrapFilter.java:46)
	at sun.reflect.GeneratedMethodAccessor36.invoke(Unknown Source)
	at sun.reflect.DelegatingMethodAccessorImpl.invoke(DelegatingMethodAccessorImpl.java:25)
	at java.lang.reflect.Method.invoke(Method.java:597)
	at org.apache.catalina.security.SecurityUtil$1.run(SecurityUtil.java:274)
	at org.apache.catalina.security.SecurityUtil$1.run(SecurityUtil.java:271)
	at java.security.AccessController.doPrivileged(Native Method)
	at javax.security.auth.Subject.doAsPrivileged(Subject.java:517)
	at org.apache.catalina.security.SecurityUtil.execute(SecurityUtil.java:306)
	at org.apache.catalina.security.SecurityUtil.doAsPrivilege(SecurityUtil.java:246)
	at org.apache.catalina.core.ApplicationFilterChain.internalDoFilter(ApplicationFilterChain.java:239)
	at org.apache.catalina.core.ApplicationFilterChain.access$000(ApplicationFilterChain.java:57)
	at org.apache.catalina.core.ApplicationFilterChain$1.run(ApplicationFilterChain.java:193)
	at org.apache.catalina.core.ApplicationFilterChain$1.run(ApplicationFilterChain.java:189)
	at java.security.AccessController.doPrivileged(Native Method)
	at org.apache.catalina.core.ApplicationFilterChain.doFilter(ApplicationFilterChain.java:188)
	at com.seefusion.Filter.doFilter(Filter.java:49)
	at com.seefusion.SeeFusion.doFilter(SeeFusion.java:1500)
	at sun.reflect.GeneratedMethodAccessor35.invoke(Unknown Source)
	at sun.reflect.DelegatingMethodAccessorImpl.invoke(DelegatingMethodAccessorImpl.java:25)
	at java.lang.reflect.Method.invoke(Method.java:597)
	at org.apache.catalina.security.SecurityUtil$1.run(SecurityUtil.java:274)
	at org.apache.catalina.security.SecurityUtil$1.run(SecurityUtil.java:271)
	at java.security.AccessController.doPrivileged(Native Method)
	at javax.security.auth.Subject.doAsPrivileged(Subject.java:517)
	at org.apache.catalina.security.SecurityUtil.execute(SecurityUtil.java:306)
	at org.apache.catalina.security.SecurityUtil.doAsPrivilege(SecurityUtil.java:246)
	at org.apache.catalina.core.ApplicationFilterChain.internalDoFilter(ApplicationFilterChain.java:239)
	at org.apache.catalina.core.ApplicationFilterChain.access$000(ApplicationFilterChain.java:57)
	at org.apache.catalina.core.ApplicationFilterChain$1.run(ApplicationFilterChain.java:193)
	at org.apache.catalina.core.ApplicationFilterChain$1.run(ApplicationFilterChain.java:189)
	at java.security.AccessController.doPrivileged(Native Method)
	at org.apache.catalina.core.ApplicationFilterChain.doFilter(ApplicationFilterChain.java:188)
	at org.apache.catalina.core.StandardWrapperValve.invoke(StandardWrapperValve.java:224)
	at org.apache.catalina.core.StandardContextValve.invoke(StandardContextValve.java:169)
	at org.apache.catalina.authenticator.AuthenticatorBase.invoke(AuthenticatorBase.java:472)
	at org.apache.catalina.core.StandardHostValve.invoke(StandardHostValve.java:168)
	at org.apache.catalina.valves.ErrorReportValve.invoke(ErrorReportValve.java:98)
	at org.apache.catalina.valves.AccessLogValve.invoke(AccessLogValve.java:928)
	at org.apache.catalina.core.StandardEngineValve.invoke(StandardEngineValve.java:118)
	at org.apache.catalina.connector.CoyoteAdapter.service(CoyoteAdapter.java:414)
	at org.apache.coyote.ajp.AjpProcessor.process(AjpProcessor.java:204)
	at org.apache.coyote.AbstractProtocol$AbstractConnectionHandler.process(AbstractProtocol.java:539)
	at org.apache.tomcat.util.net.JIoEndpoint$SocketProcessor.run(JIoEndpoint.java:298)
	at java.util.concurrent.ThreadPoolExecutor$Worker.runTask(ThreadPoolExecutor.java:886)
	at java.util.concurrent.ThreadPoolExecutor$Worker.run(ThreadPoolExecutor.java:908)
	at java.lang.Thread.run(Thread.java:662)

			

-----------------
Entry Date/Time: 2013-09-16 01:52:39
        Comment: Response error response from call: <SOAP-ENV:Envelope xmlns:SOAP-ENV="http://schemas.xmlsoap.org/soap/envelope/"><SOAP-ENV:Header/><SOAP-ENV:Body><RateReply xmlns="http://fedex.com/ws/rate/v13"><HighestSeverity>WARNING</HighestSeverity><Notifications><Severity>WARNING</Severity><Source>crs</Source><Code>557</Code><Message>There are no valid FedEx Express services available. </Message><LocalizedMessage>There are no valid FedEx Express services available. </LocalizedMessage></Notifications><Notifications><Severity>WARNING</Severity><Source>crs</Source><Code>831</Code><Message>Service was validated at the country level, but might not be valid for the actual intended city for the origin. </Message><LocalizedMessage>Service was validated at the country level, but might not be valid for the actual intended city for the origin. </LocalizedMessage><MessageParameters><Id>ORIGIN_OR_DESTINATION</Id><Value>origin</Value></MessageParameters></Notifications><Notifications><Severity>WARNING</Severity><Source>crs</Source><Code>831</Code><Message>Service was validated at the country level, but might not be valid for the actual intended city for the destination. </Message><LocalizedMessage>Service was validated at the country level, but might not be valid for the actual intended city for the destination. </LocalizedMessage><MessageParameters><Id>ORIGIN_OR_DESTINATION</Id><Value>destination</Value></MessageParameters></Notifications><Notifications><Severity>NOTE</Severity><Source>crs</Source><Code>868</Code><Message>Service is not allowed.  </Message><LocalizedMessage>Service is not allowed.  </LocalizedMessage></Notifications><Notifications><Severity>NOTE</Severity><Source>crs</Source><Code>823</Code><Message>The country's default routing code was used for the origin. </Message><LocalizedMessage>The country's default routing code was used for the origin. </LocalizedMessage><MessageParameters><Id>ORIGIN_OR_DESTINATION</Id><Value>origin</Value></MessageParameters></Notifications><Notifications><Severity>NOTE</Severity><Source>crs</Source><Code>823</Code><Message>The country's default routing code was used for the destination. </Message><LocalizedMessage>The country's default routing code was used for the destination. </LocalizedMessage><MessageParameters><Id>ORIGIN_OR_DESTINATION</Id><Value>destination</Value></MessageParameters></Notifications><TransactionDetail><CustomerTransactionId>Rate a Single Package v13</CustomerTransactionId></TransactionDetail><Version><ServiceId>crs</ServiceId><Major>13</Major><Intermediate>0</Intermediate><Minor>0</Minor></Version></RateReply></SOAP-ENV:Body></SOAP-ENV:Envelope>
		
	Stack Trace: 
    coldfusion.runtime.CustomException: Response error
	at coldfusion.tagext.lang.ThrowTag.doStartTag(ThrowTag.java:142)
	at coldfusion.runtime.CfJspPage._emptyTcfTag(CfJspPage.java:2799)
	at cffedEx2ecfc1936056101$funcGETRATES.runFunction(D:\home\shipville.com\wwwroot\cf\model\services\fedEx.cfc:348)
	at coldfusion.runtime.UDFMethod.invoke(UDFMethod.java:472)
	at coldfusion.runtime.UDFMethod$ReturnTypeFilter.invoke(UDFMethod.java:405)
	at coldfusion.runtime.UDFMethod$ArgumentCollectionFilter.invoke(UDFMethod.java:368)
	at coldfusion.filter.FunctionAccessFilter.invoke(FunctionAccessFilter.java:55)
	at coldfusion.runtime.UDFMethod.runFilterChain(UDFMethod.java:321)
	at coldfusion.runtime.UDFMethod.invoke(UDFMethod.java:518)
	at coldfusion.runtime.TemplateProxy.invoke(TemplateProxy.java:660)
	at coldfusion.runtime.TemplateProxy.invoke(TemplateProxy.java:469)
	at coldfusion.runtime.CfJspPage._invoke(CfJspPage.java:2373)
	at cfshipment2ecfc2002295834$funcESTIMATE.runFunction(D:\home\shipville.com\wwwroot\cf\model\services\shipment.cfc:54)
	at coldfusion.runtime.UDFMethod.invoke(UDFMethod.java:472)
	at coldfusion.runtime.UDFMethod$ReturnTypeFilter.invoke(UDFMethod.java:405)
	at coldfusion.runtime.UDFMethod$ArgumentCollectionFilter.invoke(UDFMethod.java:368)
	at coldfusion.filter.FunctionAccessFilter.invoke(FunctionAccessFilter.java:55)
	at coldfusion.runtime.UDFMethod.runFilterChain(UDFMethod.java:321)
	at coldfusion.runtime.UDFMethod.invoke(UDFMethod.java:220)
	at coldfusion.runtime.TemplateProxy.invoke(TemplateProxy.java:655)
	at coldfusion.runtime.TemplateProxy.invoke(TemplateProxy.java:444)
	at coldfusion.runtime.TemplateProxy.invoke(TemplateProxy.java:414)
	at coldfusion.runtime.CfJspPage._invoke(CfJspPage.java:2432)
	at cfmain2ecfc134375501$funcESTIMATOR.runFunction(D:\home\shipville.com\wwwroot\cf\controllers\main.cfc:27)
	at coldfusion.runtime.UDFMethod.invoke(UDFMethod.java:472)
	at coldfusion.runtime.UDFMethod$ReturnTypeFilter.invoke(UDFMethod.java:405)
	at coldfusion.runtime.UDFMethod$ArgumentCollectionFilter.invoke(UDFMethod.java:368)
	at coldfusion.filter.FunctionAccessFilter.invoke(FunctionAccessFilter.java:55)
	at coldfusion.runtime.UDFMethod.runFilterChain(UDFMethod.java:321)
	at coldfusion.runtime.UDFMethod.invoke(UDFMethod.java:518)
	at coldfusion.runtime.TemplateProxy.invoke(TemplateProxy.java:660)
	at coldfusion.runtime.TemplateProxy.invoke(TemplateProxy.java:469)
	at coldfusion.runtime.CfJspPage._invoke(CfJspPage.java:2373)
	at Statement53107.evaluate(<generated>:1)
	at coldfusion.compiler.ExprClassLoader.evaluate(ExprClassLoader.java:149)
	at coldfusion.runtime.CFPage.Evaluate(CFPage.java:2150)
	at cfframework2ecfc853907146$funcDOCONTROLLER.runFunction(D:\home\shipville.com\wwwroot\cf\framework.cfc:1110)
	at coldfusion.runtime.UDFMethod.invoke(UDFMethod.java:472)
	at coldfusion.runtime.UDFMethod$ReturnTypeFilter.invoke(UDFMethod.java:405)
	at coldfusion.runtime.UDFMethod$ArgumentCollectionFilter.invoke(UDFMethod.java:368)
	at coldfusion.filter.FunctionAccessFilter.invoke(FunctionAccessFilter.java:55)
	at coldfusion.runtime.UDFMethod.runFilterChain(UDFMethod.java:321)
	at coldfusion.runtime.UDFMethod.invoke(UDFMethod.java:220)
	at coldfusion.runtime.CfJspPage._invokeUDF(CfJspPage.java:2659)
	at cfframework2ecfc853907146$funcONREQUEST.runFunction(D:\home\shipville.com\wwwroot\cf\framework.cfc:623)
	at coldfusion.runtime.UDFMethod.invoke(UDFMethod.java:472)
	at coldfusion.runtime.UDFMethod$ReturnTypeFilter.invoke(UDFMethod.java:405)
	at coldfusion.runtime.UDFMethod$ArgumentCollectionFilter.invoke(UDFMethod.java:368)
	at coldfusion.filter.FunctionAccessFilter.invoke(FunctionAccessFilter.java:55)
	at coldfusion.runtime.UDFMethod.runFilterChain(UDFMethod.java:321)
	at coldfusion.runtime.UDFMethod.invoke(UDFMethod.java:220)
	at coldfusion.runtime.TemplateProxy.invoke(TemplateProxy.java:655)
	at coldfusion.runtime.TemplateProxy.invoke(TemplateProxy.java:444)
	at coldfusion.runtime.TemplateProxy.invoke(TemplateProxy.java:414)
	at coldfusion.runtime.AppEventInvoker.invoke(AppEventInvoker.java:108)
	at coldfusion.runtime.AppEventInvoker.onRequest(AppEventInvoker.java:300)
	at coldfusion.filter.ApplicationFilter.invoke(ApplicationFilter.java:424)
	at coldfusion.filter.RequestMonitorFilter.invoke(RequestMonitorFilter.java:48)
	at coldfusion.filter.MonitoringFilter.invoke(MonitoringFilter.java:40)
	at coldfusion.filter.PathFilter.invoke(PathFilter.java:112)
	at coldfusion.filter.ExceptionFilter.invoke(ExceptionFilter.java:94)
	at coldfusion.filter.ClientScopePersistenceFilter.invoke(ClientScopePersistenceFilter.java:28)
	at coldfusion.filter.BrowserFilter.invoke(BrowserFilter.java:38)
	at coldfusion.filter.NoCacheFilter.invoke(NoCacheFilter.java:46)
	at coldfusion.filter.GlobalsFilter.invoke(GlobalsFilter.java:38)
	at coldfusion.filter.DatasourceFilter.invoke(DatasourceFilter.java:22)
	at coldfusion.filter.CachingFilter.invoke(CachingFilter.java:62)
	at coldfusion.filter.RequestThrottleFilter.invoke(RequestThrottleFilter.java:151)
	at coldfusion.CfmServlet.service(CfmServlet.java:219)
	at coldfusion.bootstrap.BootstrapServlet.service(BootstrapServlet.java:89)
	at sun.reflect.GeneratedMethodAccessor37.invoke(Unknown Source)
	at sun.reflect.DelegatingMethodAccessorImpl.invoke(DelegatingMethodAccessorImpl.java:25)
	at java.lang.reflect.Method.invoke(Method.java:597)
	at org.apache.catalina.security.SecurityUtil$1.run(SecurityUtil.java:274)
	at org.apache.catalina.security.SecurityUtil$1.run(SecurityUtil.java:271)
	at java.security.AccessController.doPrivileged(Native Method)
	at javax.security.auth.Subject.doAsPrivileged(Subject.java:517)
	at org.apache.catalina.security.SecurityUtil.execute(SecurityUtil.java:306)
	at org.apache.catalina.security.SecurityUtil.doAsPrivilege(SecurityUtil.java:166)
	at org.apache.catalina.core.ApplicationFilterChain.internalDoFilter(ApplicationFilterChain.java:299)
	at org.apache.catalina.core.ApplicationFilterChain.access$000(ApplicationFilterChain.java:57)
	at org.apache.catalina.core.ApplicationFilterChain$1.run(ApplicationFilterChain.java:193)
	at org.apache.catalina.core.ApplicationFilterChain$1.run(ApplicationFilterChain.java:189)
	at java.security.AccessController.doPrivileged(Native Method)
	at org.apache.catalina.core.ApplicationFilterChain.doFilter(ApplicationFilterChain.java:188)
	at coldfusion.monitor.event.MonitoringServletFilter.doFilter(MonitoringServletFilter.java:42)
	at coldfusion.bootstrap.BootstrapFilter.doFilter(BootstrapFilter.java:46)
	at sun.reflect.GeneratedMethodAccessor36.invoke(Unknown Source)
	at sun.reflect.DelegatingMethodAccessorImpl.invoke(DelegatingMethodAccessorImpl.java:25)
	at java.lang.reflect.Method.invoke(Method.java:597)
	at org.apache.catalina.security.SecurityUtil$1.run(SecurityUtil.java:274)
	at org.apache.catalina.security.SecurityUtil$1.run(SecurityUtil.java:271)
	at java.security.AccessController.doPrivileged(Native Method)
	at javax.security.auth.Subject.doAsPrivileged(Subject.java:517)
	at org.apache.catalina.security.SecurityUtil.execute(SecurityUtil.java:306)
	at org.apache.catalina.security.SecurityUtil.doAsPrivilege(SecurityUtil.java:246)
	at org.apache.catalina.core.ApplicationFilterChain.internalDoFilter(ApplicationFilterChain.java:239)
	at org.apache.catalina.core.ApplicationFilterChain.access$000(ApplicationFilterChain.java:57)
	at org.apache.catalina.core.ApplicationFilterChain$1.run(ApplicationFilterChain.java:193)
	at org.apache.catalina.core.ApplicationFilterChain$1.run(ApplicationFilterChain.java:189)
	at java.security.AccessController.doPrivileged(Native Method)
	at org.apache.catalina.core.ApplicationFilterChain.doFilter(ApplicationFilterChain.java:188)
	at com.seefusion.Filter.doFilter(Filter.java:49)
	at com.seefusion.SeeFusion.doFilter(SeeFusion.java:1500)
	at sun.reflect.GeneratedMethodAccessor35.invoke(Unknown Source)
	at sun.reflect.DelegatingMethodAccessorImpl.invoke(DelegatingMethodAccessorImpl.java:25)
	at java.lang.reflect.Method.invoke(Method.java:597)
	at org.apache.catalina.security.SecurityUtil$1.run(SecurityUtil.java:274)
	at org.apache.catalina.security.SecurityUtil$1.run(SecurityUtil.java:271)
	at java.security.AccessController.doPrivileged(Native Method)
	at javax.security.auth.Subject.doAsPrivileged(Subject.java:517)
	at org.apache.catalina.security.SecurityUtil.execute(SecurityUtil.java:306)
	at org.apache.catalina.security.SecurityUtil.doAsPrivilege(SecurityUtil.java:246)
	at org.apache.catalina.core.ApplicationFilterChain.internalDoFilter(ApplicationFilterChain.java:239)
	at org.apache.catalina.core.ApplicationFilterChain.access$000(ApplicationFilterChain.java:57)
	at org.apache.catalina.core.ApplicationFilterChain$1.run(ApplicationFilterChain.java:193)
	at org.apache.catalina.core.ApplicationFilterChain$1.run(ApplicationFilterChain.java:189)
	at java.security.AccessController.doPrivileged(Native Method)
	at org.apache.catalina.core.ApplicationFilterChain.doFilter(ApplicationFilterChain.java:188)
	at org.apache.catalina.core.StandardWrapperValve.invoke(StandardWrapperValve.java:224)
	at org.apache.catalina.core.StandardContextValve.invoke(StandardContextValve.java:169)
	at org.apache.catalina.authenticator.AuthenticatorBase.invoke(AuthenticatorBase.java:472)
	at org.apache.catalina.core.StandardHostValve.invoke(StandardHostValve.java:168)
	at org.apache.catalina.valves.ErrorReportValve.invoke(ErrorReportValve.java:98)
	at org.apache.catalina.valves.AccessLogValve.invoke(AccessLogValve.java:928)
	at org.apache.catalina.core.StandardEngineValve.invoke(StandardEngineValve.java:118)
	at org.apache.catalina.connector.CoyoteAdapter.service(CoyoteAdapter.java:414)
	at org.apache.coyote.ajp.AjpProcessor.process(AjpProcessor.java:204)
	at org.apache.coyote.AbstractProtocol$AbstractConnectionHandler.process(AbstractProtocol.java:539)
	at org.apache.tomcat.util.net.JIoEndpoint$SocketProcessor.run(JIoEndpoint.java:298)
	at java.util.concurrent.ThreadPoolExecutor$Worker.runTask(ThreadPoolExecutor.java:886)
	at java.util.concurrent.ThreadPoolExecutor$Worker.run(ThreadPoolExecutor.java:908)
	at java.lang.Thread.run(Thread.java:662)

			

-----------------
Entry Date/Time: 2013-09-16 01:53:30
        Comment: Response error response from call: <SOAP-ENV:Envelope xmlns:SOAP-ENV="http://schemas.xmlsoap.org/soap/envelope/"><SOAP-ENV:Header/><SOAP-ENV:Body><RateReply xmlns="http://fedex.com/ws/rate/v13"><HighestSeverity>WARNING</HighestSeverity><Notifications><Severity>WARNING</Severity><Source>crs</Source><Code>557</Code><Message>There are no valid FedEx Express services available. </Message><LocalizedMessage>There are no valid FedEx Express services available. </LocalizedMessage></Notifications><Notifications><Severity>WARNING</Severity><Source>crs</Source><Code>831</Code><Message>Service was validated at the country level, but might not be valid for the actual intended city for the origin. </Message><LocalizedMessage>Service was validated at the country level, but might not be valid for the actual intended city for the origin. </LocalizedMessage><MessageParameters><Id>ORIGIN_OR_DESTINATION</Id><Value>origin</Value></MessageParameters></Notifications><Notifications><Severity>WARNING</Severity><Source>crs</Source><Code>831</Code><Message>Service was validated at the country level, but might not be valid for the actual intended city for the destination. </Message><LocalizedMessage>Service was validated at the country level, but might not be valid for the actual intended city for the destination. </LocalizedMessage><MessageParameters><Id>ORIGIN_OR_DESTINATION</Id><Value>destination</Value></MessageParameters></Notifications><Notifications><Severity>NOTE</Severity><Source>crs</Source><Code>868</Code><Message>Service is not allowed.  </Message><LocalizedMessage>Service is not allowed.  </LocalizedMessage></Notifications><Notifications><Severity>NOTE</Severity><Source>crs</Source><Code>823</Code><Message>The country's default routing code was used for the origin. </Message><LocalizedMessage>The country's default routing code was used for the origin. </LocalizedMessage><MessageParameters><Id>ORIGIN_OR_DESTINATION</Id><Value>origin</Value></MessageParameters></Notifications><Notifications><Severity>NOTE</Severity><Source>crs</Source><Code>823</Code><Message>The country's default routing code was used for the destination. </Message><LocalizedMessage>The country's default routing code was used for the destination. </LocalizedMessage><MessageParameters><Id>ORIGIN_OR_DESTINATION</Id><Value>destination</Value></MessageParameters></Notifications><TransactionDetail><CustomerTransactionId>Rate a Single Package v13</CustomerTransactionId></TransactionDetail><Version><ServiceId>crs</ServiceId><Major>13</Major><Intermediate>0</Intermediate><Minor>0</Minor></Version></RateReply></SOAP-ENV:Body></SOAP-ENV:Envelope>
		
	Stack Trace: 
    coldfusion.runtime.CustomException: Response error
	at coldfusion.tagext.lang.ThrowTag.doStartTag(ThrowTag.java:142)
	at coldfusion.runtime.CfJspPage._emptyTcfTag(CfJspPage.java:2799)
	at cffedEx2ecfc1936056101$funcGETRATES.runFunction(D:\home\shipville.com\wwwroot\cf\model\services\fedEx.cfc:348)
	at coldfusion.runtime.UDFMethod.invoke(UDFMethod.java:472)
	at coldfusion.runtime.UDFMethod$ReturnTypeFilter.invoke(UDFMethod.java:405)
	at coldfusion.runtime.UDFMethod$ArgumentCollectionFilter.invoke(UDFMethod.java:368)
	at coldfusion.filter.FunctionAccessFilter.invoke(FunctionAccessFilter.java:55)
	at coldfusion.runtime.UDFMethod.runFilterChain(UDFMethod.java:321)
	at coldfusion.runtime.UDFMethod.invoke(UDFMethod.java:518)
	at coldfusion.runtime.TemplateProxy.invoke(TemplateProxy.java:660)
	at coldfusion.runtime.TemplateProxy.invoke(TemplateProxy.java:469)
	at coldfusion.runtime.CfJspPage._invoke(CfJspPage.java:2373)
	at cfshipment2ecfc2002295834$funcESTIMATE.runFunction(D:\home\shipville.com\wwwroot\cf\model\services\shipment.cfc:54)
	at coldfusion.runtime.UDFMethod.invoke(UDFMethod.java:472)
	at coldfusion.runtime.UDFMethod$ReturnTypeFilter.invoke(UDFMethod.java:405)
	at coldfusion.runtime.UDFMethod$ArgumentCollectionFilter.invoke(UDFMethod.java:368)
	at coldfusion.filter.FunctionAccessFilter.invoke(FunctionAccessFilter.java:55)
	at coldfusion.runtime.UDFMethod.runFilterChain(UDFMethod.java:321)
	at coldfusion.runtime.UDFMethod.invoke(UDFMethod.java:220)
	at coldfusion.runtime.TemplateProxy.invoke(TemplateProxy.java:655)
	at coldfusion.runtime.TemplateProxy.invoke(TemplateProxy.java:444)
	at coldfusion.runtime.TemplateProxy.invoke(TemplateProxy.java:414)
	at coldfusion.runtime.CfJspPage._invoke(CfJspPage.java:2432)
	at cfmain2ecfc134375501$funcESTIMATOR.runFunction(D:\home\shipville.com\wwwroot\cf\controllers\main.cfc:27)
	at coldfusion.runtime.UDFMethod.invoke(UDFMethod.java:472)
	at coldfusion.runtime.UDFMethod$ReturnTypeFilter.invoke(UDFMethod.java:405)
	at coldfusion.runtime.UDFMethod$ArgumentCollectionFilter.invoke(UDFMethod.java:368)
	at coldfusion.filter.FunctionAccessFilter.invoke(FunctionAccessFilter.java:55)
	at coldfusion.runtime.UDFMethod.runFilterChain(UDFMethod.java:321)
	at coldfusion.runtime.UDFMethod.invoke(UDFMethod.java:518)
	at coldfusion.runtime.TemplateProxy.invoke(TemplateProxy.java:660)
	at coldfusion.runtime.TemplateProxy.invoke(TemplateProxy.java:469)
	at coldfusion.runtime.CfJspPage._invoke(CfJspPage.java:2373)
	at Statement53107.evaluate(<generated>:1)
	at coldfusion.compiler.ExprClassLoader.evaluate(ExprClassLoader.java:149)
	at coldfusion.runtime.CFPage.Evaluate(CFPage.java:2150)
	at cfframework2ecfc853907146$funcDOCONTROLLER.runFunction(D:\home\shipville.com\wwwroot\cf\framework.cfc:1110)
	at coldfusion.runtime.UDFMethod.invoke(UDFMethod.java:472)
	at coldfusion.runtime.UDFMethod$ReturnTypeFilter.invoke(UDFMethod.java:405)
	at coldfusion.runtime.UDFMethod$ArgumentCollectionFilter.invoke(UDFMethod.java:368)
	at coldfusion.filter.FunctionAccessFilter.invoke(FunctionAccessFilter.java:55)
	at coldfusion.runtime.UDFMethod.runFilterChain(UDFMethod.java:321)
	at coldfusion.runtime.UDFMethod.invoke(UDFMethod.java:220)
	at coldfusion.runtime.CfJspPage._invokeUDF(CfJspPage.java:2659)
	at cfframework2ecfc853907146$funcONREQUEST.runFunction(D:\home\shipville.com\wwwroot\cf\framework.cfc:623)
	at coldfusion.runtime.UDFMethod.invoke(UDFMethod.java:472)
	at coldfusion.runtime.UDFMethod$ReturnTypeFilter.invoke(UDFMethod.java:405)
	at coldfusion.runtime.UDFMethod$ArgumentCollectionFilter.invoke(UDFMethod.java:368)
	at coldfusion.filter.FunctionAccessFilter.invoke(FunctionAccessFilter.java:55)
	at coldfusion.runtime.UDFMethod.runFilterChain(UDFMethod.java:321)
	at coldfusion.runtime.UDFMethod.invoke(UDFMethod.java:220)
	at coldfusion.runtime.TemplateProxy.invoke(TemplateProxy.java:655)
	at coldfusion.runtime.TemplateProxy.invoke(TemplateProxy.java:444)
	at coldfusion.runtime.TemplateProxy.invoke(TemplateProxy.java:414)
	at coldfusion.runtime.AppEventInvoker.invoke(AppEventInvoker.java:108)
	at coldfusion.runtime.AppEventInvoker.onRequest(AppEventInvoker.java:300)
	at coldfusion.filter.ApplicationFilter.invoke(ApplicationFilter.java:424)
	at coldfusion.filter.RequestMonitorFilter.invoke(RequestMonitorFilter.java:48)
	at coldfusion.filter.MonitoringFilter.invoke(MonitoringFilter.java:40)
	at coldfusion.filter.PathFilter.invoke(PathFilter.java:112)
	at coldfusion.filter.ExceptionFilter.invoke(ExceptionFilter.java:94)
	at coldfusion.filter.ClientScopePersistenceFilter.invoke(ClientScopePersistenceFilter.java:28)
	at coldfusion.filter.BrowserFilter.invoke(BrowserFilter.java:38)
	at coldfusion.filter.NoCacheFilter.invoke(NoCacheFilter.java:46)
	at coldfusion.filter.GlobalsFilter.invoke(GlobalsFilter.java:38)
	at coldfusion.filter.DatasourceFilter.invoke(DatasourceFilter.java:22)
	at coldfusion.filter.CachingFilter.invoke(CachingFilter.java:62)
	at coldfusion.filter.RequestThrottleFilter.invoke(RequestThrottleFilter.java:151)
	at coldfusion.CfmServlet.service(CfmServlet.java:219)
	at coldfusion.bootstrap.BootstrapServlet.service(BootstrapServlet.java:89)
	at sun.reflect.GeneratedMethodAccessor37.invoke(Unknown Source)
	at sun.reflect.DelegatingMethodAccessorImpl.invoke(DelegatingMethodAccessorImpl.java:25)
	at java.lang.reflect.Method.invoke(Method.java:597)
	at org.apache.catalina.security.SecurityUtil$1.run(SecurityUtil.java:274)
	at org.apache.catalina.security.SecurityUtil$1.run(SecurityUtil.java:271)
	at java.security.AccessController.doPrivileged(Native Method)
	at javax.security.auth.Subject.doAsPrivileged(Subject.java:517)
	at org.apache.catalina.security.SecurityUtil.execute(SecurityUtil.java:306)
	at org.apache.catalina.security.SecurityUtil.doAsPrivilege(SecurityUtil.java:166)
	at org.apache.catalina.core.ApplicationFilterChain.internalDoFilter(ApplicationFilterChain.java:299)
	at org.apache.catalina.core.ApplicationFilterChain.access$000(ApplicationFilterChain.java:57)
	at org.apache.catalina.core.ApplicationFilterChain$1.run(ApplicationFilterChain.java:193)
	at org.apache.catalina.core.ApplicationFilterChain$1.run(ApplicationFilterChain.java:189)
	at java.security.AccessController.doPrivileged(Native Method)
	at org.apache.catalina.core.ApplicationFilterChain.doFilter(ApplicationFilterChain.java:188)
	at coldfusion.monitor.event.MonitoringServletFilter.doFilter(MonitoringServletFilter.java:42)
	at coldfusion.bootstrap.BootstrapFilter.doFilter(BootstrapFilter.java:46)
	at sun.reflect.GeneratedMethodAccessor36.invoke(Unknown Source)
	at sun.reflect.DelegatingMethodAccessorImpl.invoke(DelegatingMethodAccessorImpl.java:25)
	at java.lang.reflect.Method.invoke(Method.java:597)
	at org.apache.catalina.security.SecurityUtil$1.run(SecurityUtil.java:274)
	at org.apache.catalina.security.SecurityUtil$1.run(SecurityUtil.java:271)
	at java.security.AccessController.doPrivileged(Native Method)
	at javax.security.auth.Subject.doAsPrivileged(Subject.java:517)
	at org.apache.catalina.security.SecurityUtil.execute(SecurityUtil.java:306)
	at org.apache.catalina.security.SecurityUtil.doAsPrivilege(SecurityUtil.java:246)
	at org.apache.catalina.core.ApplicationFilterChain.internalDoFilter(ApplicationFilterChain.java:239)
	at org.apache.catalina.core.ApplicationFilterChain.access$000(ApplicationFilterChain.java:57)
	at org.apache.catalina.core.ApplicationFilterChain$1.run(ApplicationFilterChain.java:193)
	at org.apache.catalina.core.ApplicationFilterChain$1.run(ApplicationFilterChain.java:189)
	at java.security.AccessController.doPrivileged(Native Method)
	at org.apache.catalina.core.ApplicationFilterChain.doFilter(ApplicationFilterChain.java:188)
	at com.seefusion.Filter.doFilter(Filter.java:49)
	at com.seefusion.SeeFusion.doFilter(SeeFusion.java:1500)
	at sun.reflect.GeneratedMethodAccessor35.invoke(Unknown Source)
	at sun.reflect.DelegatingMethodAccessorImpl.invoke(DelegatingMethodAccessorImpl.java:25)
	at java.lang.reflect.Method.invoke(Method.java:597)
	at org.apache.catalina.security.SecurityUtil$1.run(SecurityUtil.java:274)
	at org.apache.catalina.security.SecurityUtil$1.run(SecurityUtil.java:271)
	at java.security.AccessController.doPrivileged(Native Method)
	at javax.security.auth.Subject.doAsPrivileged(Subject.java:517)
	at org.apache.catalina.security.SecurityUtil.execute(SecurityUtil.java:306)
	at org.apache.catalina.security.SecurityUtil.doAsPrivilege(SecurityUtil.java:246)
	at org.apache.catalina.core.ApplicationFilterChain.internalDoFilter(ApplicationFilterChain.java:239)
	at org.apache.catalina.core.ApplicationFilterChain.access$000(ApplicationFilterChain.java:57)
	at org.apache.catalina.core.ApplicationFilterChain$1.run(ApplicationFilterChain.java:193)
	at org.apache.catalina.core.ApplicationFilterChain$1.run(ApplicationFilterChain.java:189)
	at java.security.AccessController.doPrivileged(Native Method)
	at org.apache.catalina.core.ApplicationFilterChain.doFilter(ApplicationFilterChain.java:188)
	at org.apache.catalina.core.StandardWrapperValve.invoke(StandardWrapperValve.java:224)
	at org.apache.catalina.core.StandardContextValve.invoke(StandardContextValve.java:169)
	at org.apache.catalina.authenticator.AuthenticatorBase.invoke(AuthenticatorBase.java:472)
	at org.apache.catalina.core.StandardHostValve.invoke(StandardHostValve.java:168)
	at org.apache.catalina.valves.ErrorReportValve.invoke(ErrorReportValve.java:98)
	at org.apache.catalina.valves.AccessLogValve.invoke(AccessLogValve.java:928)
	at org.apache.catalina.core.StandardEngineValve.invoke(StandardEngineValve.java:118)
	at org.apache.catalina.connector.CoyoteAdapter.service(CoyoteAdapter.java:414)
	at org.apache.coyote.ajp.AjpProcessor.process(AjpProcessor.java:204)
	at org.apache.coyote.AbstractProtocol$AbstractConnectionHandler.process(AbstractProtocol.java:539)
	at org.apache.tomcat.util.net.JIoEndpoint$SocketProcessor.run(JIoEndpoint.java:298)
	at java.util.concurrent.ThreadPoolExecutor$Worker.runTask(ThreadPoolExecutor.java:886)
	at java.util.concurrent.ThreadPoolExecutor$Worker.run(ThreadPoolExecutor.java:908)
	at java.lang.Thread.run(Thread.java:662)

			
